#
# A fatal error has been detected by the Java Runtime Environment:
#
#  EXCEPTION_ACCESS_VIOLATION (0xc0000005) at pc=0x00007ffcffc81be9, pid=10932, tid=12108
#
# JRE version:  (17.0.10+7) (build )
# Java VM: OpenJDK 64-Bit Server VM (17.0.10+7-LTS, mixed mode, sharing, tiered, unknown gc, windows-amd64)
# Problematic frame:
# C  [jimage.dll+0x1be9]
#
# No core dump will be written. Minidumps are not enabled by default on client versions of Windows
#
#

---------------  S U M M A R Y ------------

Command Line: 

Host: AMD Ryzen 5 5600 6-Core Processor              , 12 cores, 31G,  Windows 10 , 64 bit Build 19041 (10.0.19041.3636)
Time: Sun Mar 17 12:39:44 2024  Windows 10 , 64 bit Build 19041 (10.0.19041.3636) elapsed time: 0.013700 seconds (0d 0h 0m 0s)

---------------  T H R E A D  ---------------

Current thread is native thread

Stack: [0x000000edf9000000,0x000000edf9100000],  sp=0x000000edf90fd570,  free space=1013k
Native frames: (J=compiled Java code, j=interpreted, Vv=VM code, C=native code)
C  [jimage.dll+0x1be9]
C  [jimage.dll+0x1d77]
C  [jimage.dll+0x2655]
V  [jvm.dll+0x1f2d9a]
V  [jvm.dll+0xb0abe]
V  [jvm.dll+0x7e490c]
V  [jvm.dll+0x3eff3f]
V  [jvm.dll+0x3f1b71]
C  [jli.dll+0x528f]
C  [ucrtbase.dll+0x21bb2]
C  [KERNEL32.DLL+0x17344]
C  [ntdll.dll+0x526b1]


siginfo: EXCEPTION_ACCESS_VIOLATION (0xc0000005), reading address 0x00000000000050c0


Registers:
RAX=0x0000000000001429, RBX=0x000000edf90fd661, RCX=0x00007ffcffc86000, RDX=0x0000000000001429
RSP=0x000000edf90fd570, RBP=0x000000edf90fd660, RSI=0x0000000000007335, RDI=0x000000edf90fd660
R8 =0x00007ffcffc84288, R9 =0x000000000000001c, R10=0x00007ffd008d0000, R11=0x00007ffcffc86000
R12=0x0000000000000001, R13=0x0000023935e8e500, R14=0x000000edf90fe6d0, R15=0x00007ffc8e247d98
RIP=0x00007ffcffc81be9, EFLAGS=0x0000000000010212


Top of Stack: (sp=0x000000edf90fd570)
0x000000edf90fd570:   00000000000000e5 00000000000003ff
0x000000edf90fd580:   0000023935f64960 000000edf90fd6e0
0x000000edf90fd590:   0000023935eca740 00007ffcffc81d77
0x000000edf90fd5a0:   000000000000000b 0000023935eca740
0x000000edf90fd5b0:   000000edf90fd601 0000000000000101
0x000000edf90fd5c0:   00000000000006f5 0000023935e80150
0x000000edf90fd5d0:   00000000000006f5 00000000000006f5
0x000000edf90fd5e0:   00000000000006f5 0000023935e80000
0x000000edf90fd5f0:   00000239380c0000 00007ffd0976e2a9
0x000000edf90fd600:   000080373c7da14b 00000000c00001c1
0x000000edf90fd610:   00007ffc8e226830 0000000000000017
0x000000edf90fd620:   0000023935eca740 000000edf90fe6d0
0x000000edf90fd630:   000000000000000b 00007ffcffc82655
0x000000edf90fd640:   00000000000007ad 00000000000007ad
0x000000edf90fd650:   00000000000007ad 0000023935e80000
0x000000edf90fd660:   61622e6176616a2f 692f6b646a2f6573
0x000000edf90fd670:   2f6c616e7265746e 6f6974706f2f6d76
0x000000edf90fd680:   000002393500736e 00007ffd000003ff
0x000000edf90fd690:   00000000000007ad 00000239380ef500
0x000000edf90fd6a0:   00000000000007ad 00007ffd0976ead2
0x000000edf90fd6b0:   00000239380ef4f0 00000239380c0000
0x000000edf90fd6c0:   0000023935e80000 00000239380ef4f0
0x000000edf90fd6d0:   00000239000003ff 00000000000007ad
0x000000edf90fd6e0:   00000239380c0000 0000023905010004
0x000000edf90fd6f0:   0000023935e8a990 0000000000005e90
0x000000edf90fd700:   00000000000005e9 0000023935e80150
0x000000edf90fd710:   00000239380ef4f0 00007ffd0975e3a9
0x000000edf90fd720:   0000023935e80000 000000edf90fd770
0x000000edf90fd730:   0000000000000000 0000000000000000
0x000000edf90fd740:   0000000000000002 00000239380c0000
0x000000edf90fd750:   0000000000000004 00007ffd072fef82
0x000000edf90fd760:   000000edf90fd7b0 000000edf90fdce8 

Instructions: (pc=0x00007ffcffc81be9)
0x00007ffcffc81ae9:   48 85 c9 74 1d 80 3d 1b 45 00 00 00 74 06 48 8b
0x00007ffcffc81af9:   53 18 eb 04 48 8b 53 40 e8 ae 0e 00 00 48 83 63
0x00007ffcffc81b09:   48 00 8b 4b 0c 83 f9 ff 74 09 e8 e4 0c 00 00 83
0x00007ffcffc81b19:   4b 0c ff 48 8b 4b 70 48 85 c9 74 0f ba 10 00 00
0x00007ffcffc81b29:   00 e8 fd 0e 00 00 48 83 63 70 00 48 83 c4 20 5b
0x00007ffcffc81b39:   c3 cc cc 40 53 48 83 ec 20 48 8b d9 48 8d 0d d4
0x00007ffcffc81b49:   46 00 00 e8 b3 0c 00 00 83 6b 08 01 75 24 48 8b
0x00007ffcffc81b59:   d3 48 8d 0d b7 44 00 00 e8 22 08 00 00 48 8b cb
0x00007ffcffc81b69:   e8 de fe ff ff ba 78 00 00 00 48 8b cb e8 b1 0e
0x00007ffcffc81b79:   00 00 48 8d 0d 9e 46 00 00 48 83 c4 20 5b e9 80
0x00007ffcffc81b89:   0c 00 00 48 89 5c 24 08 48 89 74 24 10 57 48 83
0x00007ffcffc81b99:   ec 20 41 8b f1 4d 8b c8 48 8b fa 4c 8b d9 4d 85
0x00007ffcffc81ba9:   c0 74 78 85 f6 74 74 44 8a 12 48 8d 5a 01 48 8b
0x00007ffcffc81bb9:   d3 b8 93 01 00 01 eb 12 69 c0 93 01 00 01 41 0f
0x00007ffcffc81bc9:   b6 ca 44 8a 12 33 c1 48 ff c2 45 84 d2 75 e9 4d
0x00007ffcffc81bd9:   8b 03 0f ba f0 1f 33 d2 49 8b cb f7 f6 48 63 c2
0x00007ffcffc81be9:   41 8b 14 81 41 ff 50 08 85 c0 7e 24 8a 0f eb 10
0x00007ffcffc81bf9:   69 c0 93 01 00 01 0f b6 c9 33 c1 8a 0b 48 ff c3
0x00007ffcffc81c09:   84 c9 75 ec 0f ba f0 1f 33 d2 f7 f6 8b c2 eb 0e
0x00007ffcffc81c19:   79 09 83 c9 ff 2b c8 8b c1 eb 03 83 c8 ff 48 8b
0x00007ffcffc81c29:   5c 24 30 48 8b 74 24 38 48 83 c4 20 5f c3 cc 48
0x00007ffcffc81c39:   89 5c 24 08 48 89 74 24 10 57 48 83 ec 20 48 8b
0x00007ffcffc81c49:   f1 48 8d 0d cf 45 00 00 e8 ae 0b 00 00 33 ff 39
0x00007ffcffc81c59:   3d ba 43 00 00 76 24 48 8b 05 b9 43 00 00 48 8b
0x00007ffcffc81c69:   d6 48 8b 1c f8 48 8b 0b e8 64 1e 00 00 85 c0 74
0x00007ffcffc81c79:   2b ff c7 3b 3d 96 43 00 00 72 dc 33 db 48 8d 0d
0x00007ffcffc81c89:   93 45 00 00 e8 7a 0b 00 00 48 8b 74 24 38 48 8b
0x00007ffcffc81c99:   c3 48 8b 5c 24 30 48 83 c4 20 5f c3 ff 43 08 eb
0x00007ffcffc81ca9:   dc cc cc 48 89 5c 24 08 48 89 74 24 10 57 48 83
0x00007ffcffc81cb9:   ec 20 48 8b d9 48 8b f2 48 8b 49 10 49 8b f8 8b
0x00007ffcffc81cc9:   53 30 48 8b 01 ff 50 20 4c 8b 43 50 48 8b d6 48
0x00007ffcffc81cd9:   8b 4b 10 44 8b c8 e8 a8 fe ff ff 83 f8 ff 74 38 



---------------  P R O C E S S  ---------------

VM state: not at safepoint (not fully initialized)

VM Mutex/Monitor currently owned by a thread: None

GC Precious Log:
<Not initialized>


Dynamic libraries:
0x00007ff644cf0000 - 0x00007ff644cfe000 	C:\Users\Tufuteca\.jdks\corretto-17.0.10\bin\java.exe
0x00007ffd09750000 - 0x00007ffd09948000 	C:\Windows\SYSTEM32\ntdll.dll
0x00007ffd07780000 - 0x00007ffd0783d000 	C:\Windows\System32\KERNEL32.DLL
0x00007ffd06ec0000 - 0x00007ffd071b6000 	C:\Windows\System32\KERNELBASE.dll
0x00007ffd04630000 - 0x00007ffd046c0000 	C:\Windows\SYSTEM32\apphelp.dll
0x00007ffd072e0000 - 0x00007ffd073e0000 	C:\Windows\System32\ucrtbase.dll
0x00007ffd008d0000 - 0x00007ffd008eb000 	C:\Users\Tufuteca\.jdks\corretto-17.0.10\bin\VCRUNTIME140.dll
0x00007ffcfbdc0000 - 0x00007ffcfbdd7000 	C:\Users\Tufuteca\.jdks\corretto-17.0.10\bin\jli.dll
0x00007ffd083b0000 - 0x00007ffd0854e000 	C:\Windows\System32\USER32.dll
0x00007ffd06e00000 - 0x00007ffd06e22000 	C:\Windows\System32\win32u.dll
0x00007ffcfa620000 - 0x00007ffcfa8ba000 	C:\Windows\WinSxS\amd64_microsoft.windows.common-controls_6595b64144ccf1df_6.0.19041.3636_none_60b6a03d71f818d5\COMCTL32.dll
0x00007ffd09130000 - 0x00007ffd0915b000 	C:\Windows\System32\GDI32.dll
0x00007ffd08550000 - 0x00007ffd085ee000 	C:\Windows\System32\msvcrt.dll
0x00007ffd073e0000 - 0x00007ffd074f7000 	C:\Windows\System32\gdi32full.dll
0x00007ffd07580000 - 0x00007ffd0761d000 	C:\Windows\System32\msvcp_win.dll
0x00007ffd08260000 - 0x00007ffd08292000 	C:\Windows\System32\IMM32.DLL
0x00007ffd01c30000 - 0x00007ffd01c3c000 	C:\Users\Tufuteca\.jdks\corretto-17.0.10\bin\vcruntime140_1.dll
0x00007ffcea340000 - 0x00007ffcea3cd000 	C:\Users\Tufuteca\.jdks\corretto-17.0.10\bin\msvcp140.dll
0x00007ffc8d910000 - 0x00007ffc8e572000 	C:\Users\Tufuteca\.jdks\corretto-17.0.10\bin\server\jvm.dll
0x00007ffd08300000 - 0x00007ffd083b0000 	C:\Windows\System32\ADVAPI32.dll
0x00007ffd080f0000 - 0x00007ffd08190000 	C:\Windows\System32\sechost.dll
0x00007ffd07840000 - 0x00007ffd07965000 	C:\Windows\System32\RPCRT4.dll
0x00007ffd07550000 - 0x00007ffd07577000 	C:\Windows\System32\bcrypt.dll
0x00007ffd06c60000 - 0x00007ffd06cab000 	C:\Windows\SYSTEM32\POWRPROF.dll
0x00007ffcf2470000 - 0x00007ffcf2479000 	C:\Windows\SYSTEM32\WSOCK32.dll
0x00007ffd01f60000 - 0x00007ffd01f87000 	C:\Windows\SYSTEM32\WINMM.dll
0x00007ffd085f0000 - 0x00007ffd0865b000 	C:\Windows\System32\WS2_32.dll
0x00007ffcf6100000 - 0x00007ffcf610a000 	C:\Windows\SYSTEM32\VERSION.dll
0x00007ffd06c40000 - 0x00007ffd06c52000 	C:\Windows\SYSTEM32\UMPDC.dll
0x00007ffd04cd0000 - 0x00007ffd04ce2000 	C:\Windows\SYSTEM32\kernel.appcore.dll
0x00007ffcffc80000 - 0x00007ffcffc8a000 	C:\Users\Tufuteca\.jdks\corretto-17.0.10\bin\jimage.dll
0x00007ffcf8220000 - 0x00007ffcf8404000 	C:\Windows\SYSTEM32\DBGHELP.DLL
0x00007ffcf0910000 - 0x00007ffcf0944000 	C:\Windows\SYSTEM32\dbgcore.DLL
0x00007ffd06e30000 - 0x00007ffd06eb2000 	C:\Windows\System32\bcryptPrimitives.dll

dbghelp: loaded successfully - version: 4.0.5 - missing functions: none
symbol engine: initialized successfully - sym options: 0x614 - pdb path: .;C:\Users\Tufuteca\.jdks\corretto-17.0.10\bin;C:\Windows\SYSTEM32;C:\Windows\WinSxS\amd64_microsoft.windows.common-controls_6595b64144ccf1df_6.0.19041.3636_none_60b6a03d71f818d5;C:\Users\Tufuteca\.jdks\corretto-17.0.10\bin\server

VM Arguments:
java_command: <unknown>
java_class_path (initial): <not set>
Launcher Type: SUN_STANDARD

[Global flags]
     bool UseLargePagesIndividualAllocation        = false                                  {pd product} {ergonomic}

Logging:
Log output configuration:
 #0: stdout all=warning uptime,level,tags
 #1: stderr all=off uptime,level,tags

Environment Variables:
PATH=C:\Program Files\Common Files\Oracle\Java\javapath;C:\Windows\system32;C:\Windows;C:\Windows\System32\Wbem;C:\Windows\System32\WindowsPowerShell\v1.0\;C:\Windows\System32\OpenSSH\;C:\Program Files\Git\cmd;C:\Users\Tufuteca\AppData\Local\Microsoft\WindowsApps;D:\Microsoft VS Code\bin;C:\IntelliJ IDEA 2023.3.5\bin;
USERNAME=Tufuteca
OS=Windows_NT
PROCESSOR_IDENTIFIER=AMD64 Family 25 Model 33 Stepping 2, AuthenticAMD
TMP=C:\Users\Tufuteca\AppData\Local\Temp
TEMP=C:\Users\Tufuteca\AppData\Local\Temp



Periodic native trim disabled


---------------  S Y S T E M  ---------------

OS:
 Windows 10 , 64 bit Build 19041 (10.0.19041.3636)
OS uptime: 1 days 21:00 hours

CPU: total 12 (initial active 0) 
Processor Information for all 12 processors :
  Max Mhz: 3501, Current Mhz: 3501, Mhz Limit: 3501

Memory: 4k page, system-wide physical 32691M (19182M free)
TotalPageFile size 37811M (AvailPageFile size 18993M)
current process WorkingSet (physical memory assigned to process): 9M, peak: 9M
current process commit charge ("private bytes"): 3M, peak: 3M

vm_info: OpenJDK 64-Bit Server VM (17.0.10+7-LTS) for windows-amd64 JRE (17.0.10+7-LTS), built on Jan 10 2024 22:11:07 by "Administrator" with MS VC++ 16.10 / 16.11 (VS2019)

END.
